<?xml version="1.0" encoding="UTF-8"?>
<testng-results ignored="0" total="1" passed="1" failed="0" skipped="0">
  <reporter-output>
  </reporter-output>
  <suite started-at="2018-04-16T05:22:33Z" name="Default suite" finished-at="2018-04-16T05:22:47Z" duration-ms="13756">
    <groups>
    </groups>
    <test started-at="2018-04-16T05:22:33Z" name="Default test" finished-at="2018-04-16T05:22:47Z" duration-ms="13756">
      <class name="Academy.HomePage">
        <test-method signature="basePageNavigation()[pri:0, instance:Academy.HomePage@3af9c5b7]" started-at="2018-04-16T05:22:33Z" name="basePageNavigation" finished-at="2018-04-16T05:22:47Z" duration-ms="13717" status="PASS">
          <reporter-output>
          </reporter-output>
        </test-method> <!-- basePageNavigation -->
      </class> <!-- Academy.HomePage -->
    </test> <!-- Default test -->
  </suite> <!-- Default suite -->
</testng-results>
